1546641387390	mozrunner::runner	INFO	Running command: "C:\\Program Files\\Mozilla Firefox\\firefox.exe" "-marionette" "-foreground" "-no-remote" "-profile" "C:\\Users\\gjhar\\AppData\\Local\\Temp\\rust_mozprofile.GNkYglTNsCNv"
1546641387696	addons.webextension.screenshots@mozilla.org	WARN	Loading extension 'screenshots@mozilla.org': Reading manifest: Invalid host permission: resource://pdf.js/
1546641387697	addons.webextension.screenshots@mozilla.org	WARN	Loading extension 'screenshots@mozilla.org': Reading manifest: Invalid host permission: about:reader*
1546641387785	Marionette	DEBUG	Received observer notification profile-after-change
1546641387901	Marionette	DEBUG	Received observer notification toplevel-window-ready
1546641387923	Marionette	DEBUG	Received observer notification command-line-startup
1546641387924	Marionette	DEBUG	Received observer notification nsPref:changed
1546641387924	Marionette	DEBUG	Init aborted (running=false, enabled=true, finalUIStartup=false)
1546641388165	Marionette	DEBUG	Received observer notification toplevel-window-ready
1546641388874	Marionette	DEBUG	Received observer notification sessionstore-windows-restored
1546641388874	Marionette	DEBUG	Waiting for delayed startup...
1546641388951	Marionette	DEBUG	Setting recommended pref security.turn_off_all_security_so_that_viruses_can_take_over_this_computer to true
1546641388951	Marionette	DEBUG	Setting recommended pref apz.content_response_timeout to 60000
1546641388952	Marionette	DEBUG	Setting recommended pref browser.contentblocking.introCount to 99
1546641388952	Marionette	DEBUG	Setting recommended pref browser.download.panel.shown to true
1546641388952	Marionette	DEBUG	Setting recommended pref browser.newtabpage.enabled to false
1546641388952	Marionette	DEBUG	Setting recommended pref browser.pagethumbnails.capturing_disabled to true
1546641388952	Marionette	DEBUG	Setting recommended pref browser.search.update to false
1546641388952	Marionette	DEBUG	Setting recommended pref browser.tabs.disableBackgroundZombification to false
1546641388952	Marionette	DEBUG	Setting recommended pref browser.tabs.warnOnCloseOtherTabs to false
1546641388952	Marionette	DEBUG	Setting recommended pref browser.tabs.warnOnOpen to false
1546641388953	Marionette	DEBUG	Setting recommended pref browser.usedOnWindows10.introURL to 
1546641388953	Marionette	DEBUG	Setting recommended pref browser.urlbar.suggest.searches to false
1546641388953	Marionette	DEBUG	Setting recommended pref datareporting.policy.dataSubmissionPolicyAccepted to false
1546641388953	Marionette	DEBUG	Setting recommended pref dom.disable_beforeunload to true
1546641388953	Marionette	DEBUG	Setting recommended pref dom.disable_open_during_load to false
1546641388953	Marionette	DEBUG	Setting recommended pref dom.file.createInChild to true
1546641388953	Marionette	DEBUG	Setting recommended pref dom.max_chrome_script_run_time to 0
1546641388953	Marionette	DEBUG	Setting recommended pref dom.max_script_run_time to 0
1546641388953	Marionette	DEBUG	Setting recommended pref extensions.getAddons.cache.enabled to false
1546641388953	Marionette	DEBUG	Setting recommended pref extensions.webservice.discoverURL to http://%(server)s/dummy/discoveryURL
1546641388954	Marionette	DEBUG	Setting recommended pref network.http.prompt-temp-redirect to false
1546641388954	Marionette	DEBUG	Setting recommended pref network.http.speculative-parallel-limit to 0
1546641388954	Marionette	DEBUG	Setting recommended pref security.fileuri.strict_origin_policy to false
1546641388954	Marionette	DEBUG	Setting recommended pref security.notification_enable_delay to 0
1546641388954	Marionette	DEBUG	Setting recommended pref signon.autofillForms to false
1546641388954	Marionette	DEBUG	Setting recommended pref signon.rememberSignons to false
1546641388954	Marionette	DEBUG	Setting recommended pref toolkit.cosmeticAnimations.enabled to false
1546641388983	Marionette	INFO	Listening on port 61263
1546641388983	Marionette	DEBUG	Remote service is active
1546641389003	Marionette	DEBUG	Accepted connection 0 from 127.0.0.1:61271
1546641389006	Marionette	TRACE	0 -> [0,1,"WebDriver:NewSession",{"acceptInsecureCerts":true,"browserName":"firefox"}]
1546641389006	Marionette	WARN	TLS certificate errors will be ignored for this session
1546641389043	Marionette	DEBUG	[6442450945] Frame script loaded
1546641389046	Marionette	DEBUG	[6442450945] Frame script registered
1546641389047	Marionette	TRACE	0 <- [1,1,null,{"sessionId":"6fa2f69e-5c22-4588-9d8a-9a0227326937","capabilities":{"browserName":"firefox","browserVersion":"64.0" ... ozprofile.GNkYglTNsCNv","moz:shutdownTimeout":60000,"moz:useNonSpecCompliantPointerOrigin":false,"moz:webdriverClick":true}}]
1546641389062	Marionette	TRACE	0 -> [0,2,"WebDriver:MaximizeWindow",{}]
1546641389068	Marionette	TRACE	0 <- [1,2,null,{"x":-7,"y":-7,"width":1550,"height":838,"state":"maximized"}]
1546641389071	Marionette	TRACE	0 -> [0,3,"WebDriver:SetTimeouts",{"pageLoad":20000}]
1546641389072	Marionette	TRACE	0 <- [1,3,null,{"value":null}]
1546641389078	Marionette	TRACE	0 -> [0,4,"WebDriver:Navigate",{"url":"https://dev58662.service-now.com/nav_to.do?uri=%2Fsc_task_list.do%3Fsysparm_clear_stack%3Dtrue%26sysparm_query%3Dactive%253Dtrue%255EEQ"}]
1546641389186	Marionette	DEBUG	[6442450945] Received DOM event beforeunload for about:blank
1546641389890	Marionette	DEBUG	[6442450945] Received DOM event pagehide for about:blank
1546641391010	Marionette	DEBUG	[6442450945] Received DOM event DOMContentLoaded for https://dev58662.service-now.com/navpage.do
1546641391955	Marionette	DEBUG	[6442450945] Received DOM event pageshow for https://dev58662.service-now.com/navpage.do
1546641391956	Marionette	TRACE	0 <- [1,4,null,{"value":null}]
1546641393958	Marionette	TRACE	0 -> [0,5,"WebDriver:SwitchToFrame",{"id":0}]
1546641393967	Marionette	TRACE	0 <- [1,5,null,{"value":null}]
[Parent 39188, Gecko_IOThread] WARNING: pipe error: 109: file z:/build/build/src/ipc/chromium/src/chrome/common/ipc_channel_win.cc, line 346
[Parent 39188, Gecko_IOThread] WARNING: pipe error: 109: file z:/build/build/src/ipc/chromium/src/chrome/common/ipc_channel_win.cc, line 346
[Child 34672, Chrome_ChildThread] WARNING: pipe error: 109: file[Child 21852, Chrome_Ch z:/build/build/src/ipc/chromiumildThr/src/chread] WARNING: pipe eome/common/ipc_channel_win.cc, liner 346
[ror: 109: file z:/build/build/src/ipc/chromium/src/chrome/common/ipc_channel_win.cc, line 346
[Child 21546641395814	Marionette	DEBUG	Closed connection 0
[Parent 39188, Gecko_IOThread] WARNING: pipe error: 109: file z:/build/build/src/ipc/chromium/src/chrome/common/ipc_channel_win.cc, line 346
[Child 39952, Chrome_ChildThread] WARNING: pipe error: 109: file z:/build/build/src/ipc/chromium/src/chrome/common/ipc_channel_win.cc, line 346
[Child 391546641396132	Marionette	DEBUG	Received observer notification xpcom-will-shutdown
1546641396132	Marionette	DEBUG	Resetting recommended pref security.turn_off_all_security_so_that_viruses_can_take_over_this_computer
1546641396132	Marionette	DEBUG	Resetting recommended pref apz.content_response_timeout
1546641396132	Marionette	DEBUG	Resetting recommended pref browser.contentblocking.introCount
1546641396133	Marionette	DEBUG	Resetting recommended pref browser.download.panel.shown
1546641396133	Marionette	DEBUG	Resetting recommended pref browser.newtabpage.enabled
1546641396133	Marionette	DEBUG	Resetting recommended pref browser.pagethumbnails.capturing_disabled
1546641396133	Marionette	DEBUG	Resetting recommended pref browser.search.update
1546641396133	Marionette	DEBUG	Resetting recommended pref browser.tabs.disableBackgroundZombification
1546641396133	Marionette	DEBUG	Resetting recommended pref browser.tabs.warnOnCloseOtherTabs
1546641396133	Marionette	DEBUG	Resetting recommended pref browser.tabs.warnOnOpen
1546641396133	Marionette	DEBUG	Resetting recommended pref browser.usedOnWindows10.introURL
1546641396133	Marionette	DEBUG	Resetting recommended pref browser.urlbar.suggest.searches
1546641396134	Marionette	DEBUG	Resetting recommended pref datareporting.policy.dataSubmissionPolicyAccepted
1546641396134	Marionette	DEBUG	Resetting recommended pref dom.disable_beforeunload
1546641396134	Marionette	DEBUG	Resetting recommended pref dom.disable_open_during_load
1546641396134	Marionette	DEBUG	Resetting recommended pref dom.file.createInChild
1546641396134	Marionette	DEBUG	Resetting recommended pref dom.max_chrome_script_run_time
1546641396134	Marionette	DEBUG	Resetting recommended pref dom.max_script_run_time
1546641396134	Marionette	DEBUG	Resetting recommended pref extensions.getAddons.cache.enabled
1546641396134	Marionette	DEBUG	Resetting recommended pref extensions.webservice.discoverURL
1546641396134	Marionette	DEBUG	Resetting recommended pref network.http.prompt-temp-redirect
1546641396134	Marionette	DEBUG	Resetting recommended pref network.http.speculative-parallel-limit
1546641396134	Marionette	DEBUG	Resetting recommended pref security.fileuri.strict_origin_policy
1546641396134	Marionette	DEBUG	Resetting recommended pref security.notification_enable_delay
1546641396134	Marionette	DEBUG	Resetting recommended pref signon.autofillForms
1546641396134	Marionette	DEBUG	Resetting recommended pref signon.rememberSignons
1546641396135	Marionette	DEBUG	Resetting recommended pref toolkit.cosmeticAnimations.enabled
1546641396135	Marionette	INFO	Stopped listening on port 61263
1546641396135	Marionette	DEBUG	Remote service is inactive
[G
###!!! [Child][MessageChannel::SendAndWait] Error: Channel error: cannot send/recv

